Sat Feb 22 18:13:29 CST 2014
;; 1. Based on: run101
;; 2. Description: FINAL IV Arctigenin to AA + AG, IV, Adjust Vm and Km
;; x1. Author: RZ
$PROBLEM    METABOLISM OF ARCTIGENIN IN RATS AFTER IV - ADVAN6
$INPUT      ID TIME DV DOSE=AMT MDV CMT DL
$DATA       Arctigenin_IV_for_nonmem.csv IGNORE=@
$SUBROUTINE ADVAN6 TOL=6
$MODEL      COMP=(CENTRAL,DEFDOSE,DEFOBS) ; 1. Arctigenin (AR) central
            COMP=(AG_LIVER) ; 2. AG Liver,equal to central
            COMP=(AA_CENTR) ; 3. AA Central
$PK 
K10= THETA(1)*EXP(ETA(1))		; elimination rate of AR from central comp
K20= THETA(2)*EXP(ETA(2))		; elimination rate of AG from Liver, not considering the transfer from Liver to Central
K30= THETA(3)*EXP(ETA(3))		; elimination rate of AA from central comp
V1=  THETA(4)*EXP(ETA(4))
S1=  V1
S2=  V1
S3=  V1
Fi1= THETA(5)*EXP(ETA(5))		; scale factor for blood hydrolysis
Fi2= THETA(6)*EXP(ETA(6))		; scale factor for liver glucuronidation
Km1= THETA(7)				; AA blood hydrolysis
Vm1= THETA(8)
Km2= THETA(9)				; AG liver glucuronidation
Vm2= THETA(10)
$DES 
DADT(1)=-K10*A(1)-Fi1*Vm1*A(1)/(Km1*V1+A(1))-Fi2*Vm2*A(1)/(Km2*V1+A(1))
DADT(2)= Fi2*Vm2*A(1)/(Km2*V1+A(1))-K20*A(2)
DADT(3)= Fi1*Vm1*A(1)/(Km1*V1+A(1))-K30*A(3)

$ERROR 
IPRED = F
W =1; SQRT(THETA(11)**2*IPRED**2 + THETA(12)**2)
Y = IPRED + W*EPS(1)
IRES = DV-IPRED
IWRES = IRES/W

$THETA  0 FIX ; K10
 (0,0.206) ; K20
 (0,0.132) ; K30
 (0,0.311) ; V1
 (0,1.6) ; Fi1
 (0,0.0638) ; Fi2
 13.53 FIX ; Km1
 0.292 FIX ; Vm1
 230 FIX ; Km2
 1.23 FIX ; Vm2
;(0, 0.1)  ; Prop.RE (sd)
;(0, 0.102) ; Add.RE (sd)
$OMEGA  0  FIX  ;    IIV K10
 0  FIX  ;    IIV K20
 0  FIX  ;    IIV K30
 0  FIX  ;     IIV V1
 0  FIX  ;    IIV Fi1
 0  FIX  ;    IIV Fi2
;(0.1) ; IIV V2
;(0.1) ; IIV V3
$SIGMA  0.326  ; Residual error
$ESTIMATION METHOD=0 MAXEVAL=999 NOABORT SIG=5 PRINT=1 POSTHOC
; Xpose
$COVARIANCE
$TABLE      ID TIME DV MDV CMT DL IPRED IWRES ONEHEADER NOPRINT
            FILE=sdtab113.tab
$TABLE      ID K10 K20 K30 V1 Fi1 Fi2 ONEHEADER NOPRINT
            FILE=patab113.tab


NM-TRAN MESSAGES
  
 WARNINGS AND ERRORS (IF ANY) FOR PROBLEM    1
             
 (WARNING  2) NM-TRAN INFERS THAT THE DATA ARE POPULATION.
 CREATING MUMODEL ROUTINE...

License Registered to: Zhang Zhen
Expiration Date:    14 JUN 2014
Current Date:       22 FEB 2014
Days until program expires : 112
1NONLINEAR MIXED EFFECTS MODEL PROGRAM (NONMEM) VERSION 7.2.0
 ORIGINALLY DEVELOPED BY STUART BEAL, LEWIS SHEINER, AND ALISON BOECKMANN
 CURRENT DEVELOPERS ARE ROBERT BAUER, ICON DEVELOPMENT SOLUTIONS,
 AND ALISON BOECKMANN. IMPLEMENTATION, EFFICIENCY, AND STANDARDIZATION
 PERFORMED BY NOUS INFOSYSTEMS.

 PROBLEM NO.:         1
 METABOLISM OF ARCTIGENIN IN RATS AFTER IV - ADVAN6
0DATA CHECKOUT RUN:              NO
 DATA SET LOCATED ON UNIT NO.:    2
 THIS UNIT TO BE REWOUND:        NO
 NO. OF DATA RECS IN DATA SET:      594
 NO. OF DATA ITEMS IN DATA SET:   8
 ID DATA ITEM IS DATA ITEM NO.:   1
 DEP VARIABLE IS DATA ITEM NO.:   3
 MDV DATA ITEM IS DATA ITEM NO.:  5
0INDICES PASSED TO SUBROUTINE PRED:
   8   2   4   0   0   0   6   0   0   0   0
0LABELS FOR DATA ITEMS:
 ID TIME DV DOSE MDV CMT DL EVID
0(NONBLANK) LABELS FOR PRED-DEFINED ITEMS:
 K10 K20 K30 V1 Fi1 Fi2 IPRED IWRES
0FORMAT FOR DATA:
 (E3.0,E4.0,2E12.0,3E2.0,1F2.0)

 TOT. NO. OF OBS RECS:      481
 TOT. NO. OF INDIVIDUALS:     18
0LENGTH OF THETA:  10
0DEFAULT THETA BOUNDARY TEST OMITTED:    NO
0OMEGA HAS SIMPLE DIAGONAL FORM WITH DIMENSION:   6
0DEFAULT OMEGA BOUNDARY TEST OMITTED:    NO
0SIGMA HAS SIMPLE DIAGONAL FORM WITH DIMENSION:   1
0DEFAULT SIGMA BOUNDARY TEST OMITTED:    NO
0INITIAL ESTIMATE OF THETA:
 LOWER BOUND    INITIAL EST    UPPER BOUND
  0.0000E+00     0.0000E+00     0.0000E+00
  0.0000E+00     0.2060E+00     0.1000E+07
  0.0000E+00     0.1320E+00     0.1000E+07
  0.0000E+00     0.3110E+00     0.1000E+07
  0.0000E+00     0.1600E+01     0.1000E+07
  0.0000E+00     0.6380E-01     0.1000E+07
  0.1353E+02     0.1353E+02     0.1353E+02
  0.2920E+00     0.2920E+00     0.2920E+00
  0.2300E+03     0.2300E+03     0.2300E+03
  0.1230E+01     0.1230E+01     0.1230E+01
0INITIAL ESTIMATE OF OMEGA:
 0.0000E+00
 0.0000E+00   0.0000E+00
 0.0000E+00   0.0000E+00   0.0000E+00
 0.0000E+00   0.0000E+00   0.0000E+00   0.0000E+00
 0.0000E+00   0.0000E+00   0.0000E+00   0.0000E+00   0.0000E+00
 0.0000E+00   0.0000E+00   0.0000E+00   0.0000E+00   0.0000E+00   0.0000E+00
0OMEGA CONSTRAINED TO BE THIS INITIAL ESTIMATE
0INITIAL ESTIMATE OF SIGMA:
 0.3260E+00
0ESTIMATION STEP OMITTED:           NO
 EPS-ETA INTERACTION:               NO
 POP. ETAS OBTAINED POST HOC:      YES
 NO. OF FUNCT. EVALS. ALLOWED:        999
 NO. OF SIG. FIGURES REQUIRED:       5
 INTERMEDIATE PRINTOUT:            YES
 ESTIMATE OUTPUT TO MSF:            NO
 ABORT WITH PRED EXIT CODE 1:       NO
 IND. OBJ. FUNC. VALUES SORTED:     NO
0COVARIANCE STEP OMITTED:    NO
 EIGENVLS. PRINTED:          NO
 SPECIAL COMPUTATION:        NO
 COMPRESSED FORMAT:          NO
0TABLES STEP OMITTED:    NO
 NO. OF TABLES:           2
0-- TABLE   1 --
 PRINTED:                NO
 HEADER:                YES
 FILE TO BE FORWARDED:   NO
0USER-CHOSEN ITEMS:
 ID TIME DV MDV CMT DL IPRED IWRES
0-- TABLE   2 --
 PRINTED:                NO
 HEADER:                YES
 FILE TO BE FORWARDED:   NO
0USER-CHOSEN ITEMS:
 ID K10 K20 K30 V1 Fi1 Fi2

 THE FOLLOWING LABELS ARE EQUIVALENT
 PRED=NPRED
 RES=NRES
 WRES=NWRES
1DOUBLE PRECISION PREDPP VERSION 7.2.0

 GENERAL NONLINEAR KINETICS MODEL (ADVAN6)
0MODEL SUBROUTINE USER-SUPPLIED - ID NO. 9999
0MAXIMUM NO. OF BASIC PK PARAMETERS:  10
0COMPARTMENT ATTRIBUTES
 COMPT. NO.   FUNCTION   INITIAL    ON/OFF      DOSE      DEFAULT    DEFAULT
                         STATUS     ALLOWED    ALLOWED    FOR DOSE   FOR OBS.
    1         CENTRAL      ON         YES        YES        YES        YES
    2         AG_LIVER     ON         YES        YES        NO         NO
    3         AA_CENTR     ON         YES        YES        NO         NO
    4         OUTPUT       OFF        YES        NO         NO         NO
0NRD VALUE FROM SUBROUTINE TOL:   6
1
 ADDITIONAL PK PARAMETERS - ASSIGNMENT OF ROWS IN GG
 COMPT. NO.                             INDICES
              SCALE      BIOAVAIL.   ZERO-ORDER  ZERO-ORDER  ABSORB
                         FRACTION    RATE        DURATION    LAG
    1          11           *           *           *           *
    2          12           *           *           *           *
    3          13           *           *           *           *
    4           *           -           -           -           -
             - PARAMETER IS NOT ALLOWED FOR THIS MODEL
             * PARAMETER IS NOT SUPPLIED BY PK SUBROUTINE;
               WILL DEFAULT TO ONE IF APPLICABLE
0DATA ITEM INDICES USED BY PRED ARE:
   EVENT ID DATA ITEM IS DATA ITEM NO.:      8
   TIME DATA ITEM IS DATA ITEM NO.:          2
   DOSE AMOUNT DATA ITEM IS DATA ITEM NO.:   4
   COMPT. NO. DATA ITEM IS DATA ITEM NO.:    6

0PK SUBROUTINE CALLED WITH EVERY EVENT RECORD.
 PK SUBROUTINE NOT CALLED AT NONEVENT (ADDITIONAL OR LAGGED) DOSE TIMES.
0ERROR SUBROUTINE CALLED WITH EVERY EVENT RECORD.
0DES SUBROUTINE USES COMPACT STORAGE MODE.
1


 #TBLN:      1
 #METH: First Order

 MONITORING OF SEARCH:


0ITERATION NO.:    0    OBJECTIVE VALUE:  -473.389919713259        NO. OF FUNC. EVALS.:   7
 CUMULATIVE NO. OF FUNC. EVALS.:        7
 NPARAMETR:  2.0600E-01  1.3200E-01  3.1100E-01  1.6000E+00  6.3800E-02  3.2600E-01
 PARAMETER:  1.0000E-01  1.0000E-01  1.0000E-01  1.0000E-01  1.0000E-01  1.0000E-01
 GRADIENT:   3.9975E-01 -3.0398E+01 -6.3464E+01 -1.1322E+02 -2.2044E+00  8.3051E+02

0ITERATION NO.:    1    OBJECTIVE VALUE:  -1074.97824176286        NO. OF FUNC. EVALS.:   9
 CUMULATIVE NO. OF FUNC. EVALS.:       16
 NPARAMETR:  2.0588E-01  1.3793E-01  3.4087E-01  1.8844E+00  6.4004E-02  2.9574E-02
 PARAMETER:  9.9422E-02  1.4392E-01  1.9170E-01  2.6358E-01  1.0319E-01 -1.1000E+00
 GRADIENT:   3.5539E+00 -6.3061E+01  8.6113E+02 -1.5186E+02 -5.8397E+00 -2.7510E+02

0ITERATION NO.:    2    OBJECTIVE VALUE:  -1109.84648604996        NO. OF FUNC. EVALS.:   9
 CUMULATIVE NO. OF FUNC. EVALS.:       25
 NPARAMETR:  2.0581E-01  1.3872E-01  3.1526E-01  1.9105E+00  6.4037E-02  3.1087E-02
 PARAMETER:  9.9100E-02  1.4964E-01  1.1359E-01  2.7736E-01  1.0371E-01 -1.0750E+00
 GRADIENT:   3.7645E+00 -2.9757E+02 -1.7960E+02 -6.2964E+01 -9.1766E+00 -1.5735E+02

0ITERATION NO.:    3    OBJECTIVE VALUE:  -1125.82771255353        NO. OF FUNC. EVALS.:   8
 CUMULATIVE NO. OF FUNC. EVALS.:       33
 NPARAMETR:  2.0513E-01  1.7363E-01  3.0714E-01  2.0539E+00  6.4527E-02  4.2994E-02
 PARAMETER:  9.5765E-02  3.7410E-01  8.7524E-02  3.4974E-01  1.1134E-01 -9.1292E-01
 GRADIENT:   2.7391E+00  1.8679E+01  1.1600E+02  1.7378E+02 -2.2239E+00  1.8654E+02

0ITERATION NO.:    4    OBJECTIVE VALUE:  -1130.30836409598        NO. OF FUNC. EVALS.:  10
 CUMULATIVE NO. OF FUNC. EVALS.:       43
 NPARAMETR:  2.0477E-01  1.8463E-01  3.0145E-01  1.9815E+00  6.4712E-02  4.1654E-02
 PARAMETER:  9.3997E-02  4.3553E-01  6.8816E-02  3.1384E-01  1.1420E-01 -9.2875E-01
 GRADIENT:   2.9731E+00  7.8062E+01  5.8104E+01 -1.3433E+01 -3.6141E+00  1.6504E+02

0ITERATION NO.:    5    OBJECTIVE VALUE:  -1130.63162118890        NO. OF FUNC. EVALS.:  10
 CUMULATIVE NO. OF FUNC. EVALS.:       53
 NPARAMETR:  2.0401E-01  1.9505E-01  2.9657E-01  2.0397E+00  6.5114E-02  3.7190E-02
 PARAMETER:  9.0278E-02  4.9047E-01  5.2480E-02  3.4279E-01  1.2038E-01 -9.8543E-01
 GRADIENT:   3.3783E+00  1.1834E+02  1.1824E+01  1.1081E+02 -2.8998E+00  5.6632E+01

0ITERATION NO.:    6    OBJECTIVE VALUE:  -1159.18864251748        NO. OF FUNC. EVALS.:  10
 CUMULATIVE NO. OF FUNC. EVALS.:       63
 NPARAMETR:  7.6248E-02  1.8722E-01  2.9709E-01  1.9979E+00  2.7610E-01  3.5923E-02
 PARAMETER: -8.9389E-01  4.4947E-01  5.4245E-02  3.2211E-01  1.5650E+00 -1.0028E+00
 GRADIENT:   1.1217E+01  1.1611E+02  9.0577E+01  1.5845E+02 -1.5233E+01  8.0398E+01

0ITERATION NO.:    7    OBJECTIVE VALUE:  -1161.35849967937        NO. OF FUNC. EVALS.:   8
 CUMULATIVE NO. OF FUNC. EVALS.:       71
 NPARAMETR:  4.3021E-02  1.8519E-01  2.9640E-01  1.9786E+00  6.8293E-01  3.5341E-02
 PARAMETER: -1.4662E+00  4.3859E-01  5.1932E-02  3.1238E-01  2.4706E+00 -1.0109E+00
 GRADIENT:  -1.8570E+01  1.7464E+02  2.0436E+02  2.8795E+02  6.1930E+01  6.9027E+01

0ITERATION NO.:    8    OBJECTIVE VALUE:  -1170.58742768508        NO. OF FUNC. EVALS.:   8
 CUMULATIVE NO. OF FUNC. EVALS.:       79
 NPARAMETR:  2.2039E-02  1.8232E-01  2.9732E-01  1.9674E+00  4.5755E-01  3.4835E-02
 PARAMETER: -2.1351E+00  4.2294E-01  5.5010E-02  3.0673E-01  2.0701E+00 -1.0181E+00
 GRADIENT:  -1.6561E+01  1.2450E+02  1.0698E+02  1.6102E+02  2.8441E+01  7.3629E+01

0ITERATION NO.:    9    OBJECTIVE VALUE:  -1183.48122439512        NO. OF FUNC. EVALS.:   8
 CUMULATIVE NO. OF FUNC. EVALS.:       87
 NPARAMETR:  4.9799E-02  1.7498E-01  2.9915E-01  1.9360E+00  5.1036E-01  3.3891E-02
 PARAMETER: -1.3199E+00  3.8185E-01  6.1157E-02  2.9062E-01  2.1794E+00 -1.0319E+00
 GRADIENT:   3.6316E-02  9.8477E+01  1.5205E+02  1.5873E+02  1.8541E+00  7.2975E+01

0ITERATION NO.:   10    OBJECTIVE VALUE:  -1194.31430566487        NO. OF FUNC. EVALS.:   8
 CUMULATIVE NO. OF FUNC. EVALS.:       95
 NPARAMETR:  1.0746E-01  1.5427E-01  3.0170E-01  1.8096E+00  6.8344E-01  2.9934E-02
 PARAMETER: -5.5073E-01  2.5589E-01  6.9645E-02  2.2313E-01  2.4714E+00 -1.0940E+00
 GRADIENT:   1.3562E+01 -4.9846E+00  9.0307E+01  1.1016E-01 -2.8746E+01 -2.4790E+01

0ITERATION NO.:   11    OBJECTIVE VALUE:  -1198.71333242232        NO. OF FUNC. EVALS.:   8
 CUMULATIVE NO. OF FUNC. EVALS.:      103
 NPARAMETR:  8.9758E-02  1.5382E-01  3.0005E-01  1.7966E+00  7.6240E-01  3.0535E-02
 PARAMETER: -7.3076E-01  2.5298E-01  6.4154E-02  2.1588E-01  2.5807E+00 -1.0840E+00
 GRADIENT:   2.1272E+00  2.4540E-01  5.0384E+01  4.0090E+00 -1.3442E+01  3.1226E+00

0ITERATION NO.:   12    OBJECTIVE VALUE:  -1200.10730329298        NO. OF FUNC. EVALS.:   8
 CUMULATIVE NO. OF FUNC. EVALS.:      111
 NPARAMETR:  1.2385E-01  1.5143E-01  2.9710E-01  1.7547E+00  1.0648E+00  3.0588E-02
 PARAMETER: -4.0883E-01  2.3734E-01  5.4282E-02  1.9232E-01  2.9148E+00 -1.0831E+00
 GRADIENT:  -2.9001E+00  3.7992E+01  8.0304E+01  7.2339E+01  2.0310E+01  7.5808E+00

0ITERATION NO.:   13    OBJECTIVE VALUE:  -1201.01710425537        NO. OF FUNC. EVALS.:   8
 CUMULATIVE NO. OF FUNC. EVALS.:      119
 NPARAMETR:  1.1797E-01  1.5048E-01  2.9703E-01  1.7489E+00  1.0134E+00  3.0361E-02
 PARAMETER: -4.5741E-01  2.3105E-01  5.4038E-02  1.8896E-01  2.8653E+00 -1.0869E+00
 GRADIENT:  -2.6925E+00  1.6716E+01  2.9990E+01  3.1021E+01  6.8250E+00  2.2291E+00

0ITERATION NO.:   14    OBJECTIVE VALUE:  -1201.51060675161        NO. OF FUNC. EVALS.:   8
 CUMULATIVE NO. OF FUNC. EVALS.:      127
 NPARAMETR:  1.3434E-01  1.4752E-01  2.9656E-01  1.7237E+00  1.0685E+00  3.0179E-02
 PARAMETER: -3.2749E-01  2.1114E-01  5.2469E-02  1.7445E-01  2.9182E+00 -1.0899E+00
 GRADIENT:   9.8889E-01  2.0858E+00  5.8050E+00  9.0382E+00 -2.2727E+00 -2.5512E+00

0ITERATION NO.:   15    OBJECTIVE VALUE:  -1201.63670385813        NO. OF FUNC. EVALS.:   8
 CUMULATIVE NO. OF FUNC. EVALS.:      135
 NPARAMETR:  1.4217E-01  1.4509E-01  2.9613E-01  1.7011E+00  1.1432E+00  3.0111E-02
 PARAMETER: -2.7086E-01  1.9457E-01  5.1010E-02  1.6128E-01  2.9858E+00 -1.0910E+00
 GRADIENT:  -1.0039E+00 -2.2055E+00 -3.8394E+00 -1.0863E+00 -3.6638E-02 -4.4603E+00

0ITERATION NO.:   16    OBJECTIVE VALUE:  -1201.65404260665        NO. OF FUNC. EVALS.:   8
 CUMULATIVE NO. OF FUNC. EVALS.:      143
 NPARAMETR:  1.4787E-01  1.4483E-01  2.9598E-01  1.6966E+00  1.1639E+00  3.0225E-02
 PARAMETER: -2.3154E-01  1.9278E-01  5.0483E-02  1.5861E-01  3.0037E+00 -1.0891E+00
 GRADIENT:   2.2567E-01  5.0489E-01  1.7090E+00  5.0701E-01  6.7772E-02 -7.9153E-01

0ITERATION NO.:   17    OBJECTIVE VALUE:  -1201.65483561192        NO. OF FUNC. EVALS.:   8
 CUMULATIVE NO. OF FUNC. EVALS.:      151
 NPARAMETR:  1.4686E-01  1.4489E-01  2.9598E-01  1.6973E+00  1.1601E+00  3.0247E-02
 PARAMETER: -2.3837E-01  1.9319E-01  5.0513E-02  1.5904E-01  3.0005E+00 -1.0887E+00
 GRADIENT:   1.0182E-02  4.5559E-02  1.2986E-01 -7.7779E-02 -2.3286E-02 -9.4016E-02

0ITERATION NO.:   18    OBJECTIVE VALUE:  -1201.65484255930        NO. OF FUNC. EVALS.:   8
 CUMULATIVE NO. OF FUNC. EVALS.:      159
 NPARAMETR:  1.4689E-01  1.4488E-01  2.9598E-01  1.6973E+00  1.1604E+00  3.0250E-02
 PARAMETER: -2.3822E-01  1.9313E-01  5.0503E-02  1.5902E-01  3.0008E+00 -1.0887E+00
 GRADIENT:  -8.9176E-04 -4.4622E-03  1.4957E-02  1.4568E-02  2.9382E-03 -3.4032E-03

0ITERATION NO.:   19    OBJECTIVE VALUE:  -1201.65484263282        NO. OF FUNC. EVALS.:   8
 CUMULATIVE NO. OF FUNC. EVALS.:      167
 NPARAMETR:  1.4689E-01  1.4488E-01  2.9598E-01  1.6973E+00  1.1604E+00  3.0250E-02
 PARAMETER: -2.3820E-01  1.9313E-01  5.0500E-02  1.5901E-01  3.0008E+00 -1.0887E+00
 GRADIENT:  -1.1035E-04  1.3265E-03 -2.0070E-03 -1.3197E-03  1.2098E-04  4.0941E-04

0ITERATION NO.:   20    OBJECTIVE VALUE:  -1201.65484263282        NO. OF FUNC. EVALS.:  12
 CUMULATIVE NO. OF FUNC. EVALS.:      179
 NPARAMETR:  1.4689E-01  1.4488E-01  2.9598E-01  1.6973E+00  1.1604E+00  3.0250E-02
 PARAMETER: -2.3820E-01  1.9313E-01  5.0500E-02  1.5901E-01  3.0008E+00 -1.0887E+00
 GRADIENT:  -1.9487E-04 -3.5166E-04 -8.5308E-03 -5.2293E-03 -4.5620E-03 -1.0064E-02

0ITERATION NO.:   21    OBJECTIVE VALUE:  -1201.65484282047        NO. OF FUNC. EVALS.:  15
 CUMULATIVE NO. OF FUNC. EVALS.:      194
 NPARAMETR:  1.4690E-01  1.4488E-01  2.9598E-01  1.6972E+00  1.1605E+00  3.0250E-02
 PARAMETER: -2.3811E-01  1.9312E-01  5.0499E-02  1.5900E-01  3.0009E+00 -1.0887E+00
 GRADIENT:  -9.2625E-05  3.3096E-04 -1.8886E-03 -1.0554E-03 -1.0660E-03 -2.5786E-03

0ITERATION NO.:   22    OBJECTIVE VALUE:  -1201.65484283617        NO. OF FUNC. EVALS.:  14
 CUMULATIVE NO. OF FUNC. EVALS.:      208
 NPARAMETR:  1.4691E-01  1.4488E-01  2.9598E-01  1.6972E+00  1.1605E+00  3.0250E-02
 PARAMETER: -2.3808E-01  1.9311E-01  5.0498E-02  1.5900E-01  3.0009E+00 -1.0887E+00
 GRADIENT:   5.9689E-06  3.5735E-05  7.8671E-05  7.2646E-05  1.0187E-05  4.6605E-05

0ITERATION NO.:   23    OBJECTIVE VALUE:  -1201.65484283617        NO. OF FUNC. EVALS.:   0
 CUMULATIVE NO. OF FUNC. EVALS.:      208
 NPARAMETR:  1.4691E-01  1.4488E-01  2.9598E-01  1.6972E+00  1.1605E+00  3.0250E-02
 PARAMETER: -2.3808E-01  1.9311E-01  5.0498E-02  1.5900E-01  3.0009E+00 -1.0887E+00
 GRADIENT:   5.9689E-06  3.5735E-05  7.8671E-05  7.2646E-05  1.0187E-05  4.6605E-05

 #TERM:
0MINIMIZATION SUCCESSFUL
 NO. OF FUNCTION EVALUATIONS USED:      208
 NO. OF SIG. DIGITS IN FINAL EST.:  6.6
 #TERE:
 Elapsed estimation time in seconds:     0.69
 Elapsed covariance time in seconds:     0.30
1
 
 
 
 
 
 
 
 
 
 
 
 
 
 
 
 
 
 
 
 
 ************************************************************************************************************************
 ********************                                                                                ********************
 ********************                                   FIRST ORDER                                  ********************
 #OBJT:**************                       MINIMUM VALUE OF OBJECTIVE FUNCTION                      ********************
 ********************                                                                                ********************
 ************************************************************************************************************************
 





 #OBJV:********************************************    -1201.655       **************************************************
1
 ************************************************************************************************************************
 ********************                                                                                ********************
 ********************                                   FIRST ORDER                                  ********************
 ********************                             FINAL PARAMETER ESTIMATE                           ********************
 ********************                                                                                ********************
 ************************************************************************************************************************
 


 THETA - VECTOR OF FIXED EFFECTS PARAMETERS   *********


         TH 1      TH 2      TH 3      TH 4      TH 5      TH 6      TH 7      TH 8      TH 9      TH10     
 
         0.00E+00  1.47E-01  1.45E-01  2.96E-01  1.70E+00  1.16E+00  1.35E+01  2.92E-01  2.30E+02  1.23E+00
 


 OMEGA - COV MATRIX FOR RANDOM EFFECTS - ETAS  ********


            ETA1      ETA2      ETA3      ETA4      ETA5      ETA6   
 
 ETA1
+        0.00E+00
 
 ETA2
+        0.00E+00  0.00E+00
 
 ETA3
+        0.00E+00  0.00E+00  0.00E+00
 
 ETA4
+        0.00E+00  0.00E+00  0.00E+00  0.00E+00
 
 ETA5
+        0.00E+00  0.00E+00  0.00E+00  0.00E+00  0.00E+00
 
 ETA6
+        0.00E+00  0.00E+00  0.00E+00  0.00E+00  0.00E+00  0.00E+00
 


 SIGMA - COV MATRIX FOR RANDOM EFFECTS - EPSILONS  ****


            EPS1   
 
 EPS1
+        3.03E-02
 
1


 OMEGA - CORR MATRIX FOR RANDOM EFFECTS - ETAS  *******


            ETA1      ETA2      ETA3      ETA4      ETA5      ETA6   
 
 ETA1
+        0.00E+00
 
 ETA2
+        0.00E+00  0.00E+00
 
 ETA3
+        0.00E+00  0.00E+00  0.00E+00
 
 ETA4
+        0.00E+00  0.00E+00  0.00E+00  0.00E+00
 
 ETA5
+        0.00E+00  0.00E+00  0.00E+00  0.00E+00  0.00E+00
 
 ETA6
+        0.00E+00  0.00E+00  0.00E+00  0.00E+00  0.00E+00  0.00E+00
 


 SIGMA - CORR MATRIX FOR RANDOM EFFECTS - EPSILONS  ***


            EPS1   
 
 EPS1
+        1.74E-01
 
1
 ************************************************************************************************************************
 ********************                                                                                ********************
 ********************                                   FIRST ORDER                                  ********************
 ********************                            STANDARD ERROR OF ESTIMATE                          ********************
 ********************                                                                                ********************
 ************************************************************************************************************************
 


 THETA - VECTOR OF FIXED EFFECTS PARAMETERS   *********


         TH 1      TH 2      TH 3      TH 4      TH 5      TH 6      TH 7      TH 8      TH 9      TH10     
 
        .........  3.70E-02  7.00E-03  1.42E-02  4.95E-02  2.99E-01 ......... ......... ......... .........
 


 OMEGA - COV MATRIX FOR RANDOM EFFECTS - ETAS  ********


            ETA1      ETA2      ETA3      ETA4      ETA5      ETA6   
 
 ETA1
+       .........
 
 ETA2
+       ......... .........
 
 ETA3
+       ......... ......... .........
 
 ETA4
+       ......... ......... ......... .........
 
 ETA5
+       ......... ......... ......... ......... .........
 
 ETA6
+       ......... ......... ......... ......... ......... .........
 


 SIGMA - COV MATRIX FOR RANDOM EFFECTS - EPSILONS  ****


            EPS1   
 
 EPS1
+        8.30E-03
 
1


 OMEGA - CORR MATRIX FOR RANDOM EFFECTS - ETAS  *******


            ETA1      ETA2      ETA3      ETA4      ETA5      ETA6   
 
 ETA1
+       .........
 
 ETA2
+       ......... .........
 
 ETA3
+       ......... ......... .........
 
 ETA4
+       ......... ......... ......... .........
 
 ETA5
+       ......... ......... ......... ......... .........
 
 ETA6
+       ......... ......... ......... ......... ......... .........
 


 SIGMA - CORR MATRIX FOR RANDOM EFFECTS - EPSILONS  ***


            EPS1   
 
 EPS1
+        2.39E-02
 
1
 ************************************************************************************************************************
 ********************                                                                                ********************
 ********************                                   FIRST ORDER                                  ********************
 ********************                          COVARIANCE MATRIX OF ESTIMATE                         ********************
 ********************                                                                                ********************
 ************************************************************************************************************************
 

            TH 1      TH 2      TH 3      TH 4      TH 5      TH 6      TH 7      TH 8      TH 9      TH10      OM11      OM12
             OM13      OM14      OM15      OM16      OM22      OM23      OM24      OM25      OM26      OM33      OM34      OM35
            OM36      OM44      OM45      OM46      OM55      OM56      OM66      SG11
 
 TH 1
+       .........
 
 TH 2
+       .........  1.37E-03
 
 TH 3
+       ......... -1.45E-04  4.90E-05
 
 TH 4
+       .........  1.74E-04 -7.14E-05  2.00E-04
 
 TH 5
+       ......... -2.94E-04 -1.82E-05  7.52E-05  2.45E-03
 
 TH 6
+       .........  1.03E-02 -1.61E-03  2.57E-03 -1.84E-04  8.92E-02
 
 TH 7
+       ......... ......... ......... ......... ......... ......... .........
 
 TH 8
+       ......... ......... ......... ......... ......... ......... ......... .........
 
 TH 9
+       ......... ......... ......... ......... ......... ......... ......... ......... .........
 
 TH10
+       ......... ......... ......... ......... ......... ......... ......... ......... ......... .........
 
 OM11
+       ......... ......... ......... ......... ......... ......... ......... ......... ......... ......... .........
 
 OM12
+       ......... ......... ......... ......... ......... ......... ......... ......... ......... ......... ......... .........
 
 OM13
+       ......... ......... ......... ......... ......... ......... ......... ......... ......... ......... ......... .........
         .........
 
 OM14
+       ......... ......... ......... ......... ......... ......... ......... ......... ......... ......... ......... .........
         ......... .........
 
 OM15
+       ......... ......... ......... ......... ......... ......... ......... ......... ......... ......... ......... .........
         ......... ......... .........
 
 OM16
+       ......... ......... ......... ......... ......... ......... ......... ......... ......... ......... ......... .........
         ......... ......... ......... .........
 
 OM22
+       ......... ......... ......... ......... ......... ......... ......... ......... ......... ......... ......... .........
         ......... ......... ......... ......... .........
 
 OM23
+       ......... ......... ......... ......... ......... ......... ......... ......... ......... ......... ......... .........
         ......... ......... ......... ......... ......... .........
 
 OM24
+       ......... ......... ......... ......... ......... ......... ......... ......... ......... ......... ......... .........
         ......... ......... ......... ......... ......... ......... .........
 
1

            TH 1      TH 2      TH 3      TH 4      TH 5      TH 6      TH 7      TH 8      TH 9      TH10      OM11      OM12
             OM13      OM14      OM15      OM16      OM22      OM23      OM24      OM25      OM26      OM33      OM34      OM35
            OM36      OM44      OM45      OM46      OM55      OM56      OM66      SG11
 
 OM25
+       ......... ......... ......... ......... ......... ......... ......... ......... ......... ......... ......... .........
         ......... ......... ......... ......... ......... ......... ......... .........
 
 OM26
+       ......... ......... ......... ......... ......... ......... ......... ......... ......... ......... ......... .........
         ......... ......... ......... ......... ......... ......... ......... ......... .........
 
 OM33
+       ......... ......... ......... ......... ......... ......... ......... ......... ......... ......... ......... .........
         ......... ......... ......... ......... ......... ......... ......... ......... ......... .........
 
 OM34
+       ......... ......... ......... ......... ......... ......... ......... ......... ......... ......... ......... .........
         ......... ......... ......... ......... ......... ......... ......... ......... ......... ......... .........
 
 OM35
+       ......... ......... ......... ......... ......... ......... ......... ......... ......... ......... ......... .........
         ......... ......... ......... ......... ......... ......... ......... ......... ......... ......... ......... .........
 
 OM36
+       ......... ......... ......... ......... ......... ......... ......... ......... ......... ......... ......... .........
         ......... ......... ......... ......... ......... ......... ......... ......... ......... ......... ......... .........
        .........
 
 OM44
+       ......... ......... ......... ......... ......... ......... ......... ......... ......... ......... ......... .........
         ......... ......... ......... ......... ......... ......... ......... ......... ......... ......... ......... .........
        ......... .........
 
 OM45
+       ......... ......... ......... ......... ......... ......... ......... ......... ......... ......... ......... .........
         ......... ......... ......... ......... ......... ......... ......... ......... ......... ......... ......... .........
        ......... ......... .........
 
 OM46
+       ......... ......... ......... ......... ......... ......... ......... ......... ......... ......... ......... .........
         ......... ......... ......... ......... ......... ......... ......... ......... ......... ......... ......... .........
        ......... ......... ......... .........
 
 OM55
+       ......... ......... ......... ......... ......... ......... ......... ......... ......... ......... ......... .........
         ......... ......... ......... ......... ......... ......... ......... ......... ......... ......... ......... .........
        ......... ......... ......... ......... .........
 
 OM56
+       ......... ......... ......... ......... ......... ......... ......... ......... ......... ......... ......... .........
         ......... ......... ......... ......... ......... ......... ......... ......... ......... ......... ......... .........
        ......... ......... ......... ......... ......... .........
 
 OM66
+       ......... ......... ......... ......... ......... ......... ......... ......... ......... ......... ......... .........
         ......... ......... ......... ......... ......... ......... ......... ......... ......... ......... ......... .........
        ......... ......... ......... ......... ......... ......... .........
 
 SG11
+       ......... -3.69E-05  2.78E-05 -7.53E-05  6.41E-05 -8.05E-04 ......... ......... ......... ......... ......... .........
         ......... ......... ......... ......... ......... ......... ......... ......... ......... ......... ......... .........
        ......... ......... ......... ......... ......... ......... .........  6.90E-05
 
1
 ************************************************************************************************************************
 ********************                                                                                ********************
 ********************                                   FIRST ORDER                                  ********************
 ********************                          CORRELATION MATRIX OF ESTIMATE                        ********************
 ********************                                                                                ********************
 ************************************************************************************************************************
 

            TH 1      TH 2      TH 3      TH 4      TH 5      TH 6      TH 7      TH 8      TH 9      TH10      OM11      OM12
             OM13      OM14      OM15      OM16      OM22      OM23      OM24      OM25      OM26      OM33      OM34      OM35
            OM36      OM44      OM45      OM46      OM55      OM56      OM66      SG11
 
 TH 1
+       .........
 
 TH 2
+       .........  3.70E-02
 
 TH 3
+       ......... -5.59E-01  7.00E-03
 
 TH 4
+       .........  3.32E-01 -7.21E-01  1.42E-02
 
 TH 5
+       ......... -1.61E-01 -5.26E-02  1.07E-01  4.95E-02
 
 TH 6
+       .........  9.37E-01 -7.69E-01  6.07E-01 -1.25E-02  2.99E-01
 
 TH 7
+       ......... ......... ......... ......... ......... ......... .........
 
 TH 8
+       ......... ......... ......... ......... ......... ......... ......... .........
 
 TH 9
+       ......... ......... ......... ......... ......... ......... ......... ......... .........
 
 TH10
+       ......... ......... ......... ......... ......... ......... ......... ......... ......... .........
 
 OM11
+       ......... ......... ......... ......... ......... ......... ......... ......... ......... ......... .........
 
 OM12
+       ......... ......... ......... ......... ......... ......... ......... ......... ......... ......... ......... .........
 
 OM13
+       ......... ......... ......... ......... ......... ......... ......... ......... ......... ......... ......... .........
         .........
 
 OM14
+       ......... ......... ......... ......... ......... ......... ......... ......... ......... ......... ......... .........
         ......... .........
 
 OM15
+       ......... ......... ......... ......... ......... ......... ......... ......... ......... ......... ......... .........
         ......... ......... .........
 
 OM16
+       ......... ......... ......... ......... ......... ......... ......... ......... ......... ......... ......... .........
         ......... ......... ......... .........
 
 OM22
+       ......... ......... ......... ......... ......... ......... ......... ......... ......... ......... ......... .........
         ......... ......... ......... ......... .........
 
 OM23
+       ......... ......... ......... ......... ......... ......... ......... ......... ......... ......... ......... .........
         ......... ......... ......... ......... ......... .........
 
 OM24
+       ......... ......... ......... ......... ......... ......... ......... ......... ......... ......... ......... .........
         ......... ......... ......... ......... ......... ......... .........
 
1

            TH 1      TH 2      TH 3      TH 4      TH 5      TH 6      TH 7      TH 8      TH 9      TH10      OM11      OM12
             OM13      OM14      OM15      OM16      OM22      OM23      OM24      OM25      OM26      OM33      OM34      OM35
            OM36      OM44      OM45      OM46      OM55      OM56      OM66      SG11
 
 OM25
+       ......... ......... ......... ......... ......... ......... ......... ......... ......... ......... ......... .........
         ......... ......... ......... ......... ......... ......... ......... .........
 
 OM26
+       ......... ......... ......... ......... ......... ......... ......... ......... ......... ......... ......... .........
         ......... ......... ......... ......... ......... ......... ......... ......... .........
 
 OM33
+       ......... ......... ......... ......... ......... ......... ......... ......... ......... ......... ......... .........
         ......... ......... ......... ......... ......... ......... ......... ......... ......... .........
 
 OM34
+       ......... ......... ......... ......... ......... ......... ......... ......... ......... ......... ......... .........
         ......... ......... ......... ......... ......... ......... ......... ......... ......... ......... .........
 
 OM35
+       ......... ......... ......... ......... ......... ......... ......... ......... ......... ......... ......... .........
         ......... ......... ......... ......... ......... ......... ......... ......... ......... ......... ......... .........
 
 OM36
+       ......... ......... ......... ......... ......... ......... ......... ......... ......... ......... ......... .........
         ......... ......... ......... ......... ......... ......... ......... ......... ......... ......... ......... .........
        .........
 
 OM44
+       ......... ......... ......... ......... ......... ......... ......... ......... ......... ......... ......... .........
         ......... ......... ......... ......... ......... ......... ......... ......... ......... ......... ......... .........
        ......... .........
 
 OM45
+       ......... ......... ......... ......... ......... ......... ......... ......... ......... ......... ......... .........
         ......... ......... ......... ......... ......... ......... ......... ......... ......... ......... ......... .........
        ......... ......... .........
 
 OM46
+       ......... ......... ......... ......... ......... ......... ......... ......... ......... ......... ......... .........
         ......... ......... ......... ......... ......... ......... ......... ......... ......... ......... ......... .........
        ......... ......... ......... .........
 
 OM55
+       ......... ......... ......... ......... ......... ......... ......... ......... ......... ......... ......... .........
         ......... ......... ......... ......... ......... ......... ......... ......... ......... ......... ......... .........
        ......... ......... ......... ......... .........
 
 OM56
+       ......... ......... ......... ......... ......... ......... ......... ......... ......... ......... ......... .........
         ......... ......... ......... ......... ......... ......... ......... ......... ......... ......... ......... .........
        ......... ......... ......... ......... ......... .........
 
 OM66
+       ......... ......... ......... ......... ......... ......... ......... ......... ......... ......... ......... .........
         ......... ......... ......... ......... ......... ......... ......... ......... ......... ......... ......... .........
        ......... ......... ......... ......... ......... ......... .........
 
 SG11
+       ......... -1.20E-01  4.78E-01 -6.41E-01  1.56E-01 -3.25E-01 ......... ......... ......... ......... ......... .........
         ......... ......... ......... ......... ......... ......... ......... ......... ......... ......... ......... .........
        ......... ......... ......... ......... ......... ......... .........  8.30E-03
 
1
 ************************************************************************************************************************
 ********************                                                                                ********************
 ********************                                   FIRST ORDER                                  ********************
 ********************                      INVERSE COVARIANCE MATRIX OF ESTIMATE                     ********************
 ********************                                                                                ********************
 ************************************************************************************************************************
 

            TH 1      TH 2      TH 3      TH 4      TH 5      TH 6      TH 7      TH 8      TH 9      TH10      OM11      OM12
             OM13      OM14      OM15      OM16      OM22      OM23      OM24      OM25      OM26      OM33      OM34      OM35
            OM36      OM44      OM45      OM46      OM55      OM56      OM66      SG11
 
 TH 1
+       .........
 
 TH 2
+       .........  1.01E+05
 
 TH 3
+       ......... -1.06E+05  1.79E+05
 
 TH 4
+       .........  6.08E+04 -5.28E+04  5.16E+04
 
 TH 5
+       .........  9.04E+03 -9.08E+03  4.75E+03  1.27E+03
 
 TH 6
+       ......... -1.56E+04  1.72E+04 -9.52E+03 -1.38E+03  2.44E+03
 
 TH 7
+       ......... ......... ......... ......... ......... ......... .........
 
 TH 8
+       ......... ......... ......... ......... ......... ......... ......... .........
 
 TH 9
+       ......... ......... ......... ......... ......... ......... ......... ......... .........
 
 TH10
+       ......... ......... ......... ......... ......... ......... ......... ......... ......... .........
 
 OM11
+       ......... ......... ......... ......... ......... ......... ......... ......... ......... ......... .........
 
 OM12
+       ......... ......... ......... ......... ......... ......... ......... ......... ......... ......... ......... .........
 
 OM13
+       ......... ......... ......... ......... ......... ......... ......... ......... ......... ......... ......... .........
         .........
 
 OM14
+       ......... ......... ......... ......... ......... ......... ......... ......... ......... ......... ......... .........
         ......... .........
 
 OM15
+       ......... ......... ......... ......... ......... ......... ......... ......... ......... ......... ......... .........
         ......... ......... .........
 
 OM16
+       ......... ......... ......... ......... ......... ......... ......... ......... ......... ......... ......... .........
         ......... ......... ......... .........
 
 OM22
+       ......... ......... ......... ......... ......... ......... ......... ......... ......... ......... ......... .........
         ......... ......... ......... ......... .........
 
 OM23
+       ......... ......... ......... ......... ......... ......... ......... ......... ......... ......... ......... .........
         ......... ......... ......... ......... ......... .........
 
 OM24
+       ......... ......... ......... ......... ......... ......... ......... ......... ......... ......... ......... .........
         ......... ......... ......... ......... ......... ......... .........
 
1

            TH 1      TH 2      TH 3      TH 4      TH 5      TH 6      TH 7      TH 8      TH 9      TH10      OM11      OM12
             OM13      OM14      OM15      OM16      OM22      OM23      OM24      OM25      OM26      OM33      OM34      OM35
            OM36      OM44      OM45      OM46      OM55      OM56      OM66      SG11
 
 OM25
+       ......... ......... ......... ......... ......... ......... ......... ......... ......... ......... ......... .........
         ......... ......... ......... ......... ......... ......... ......... .........
 
 OM26
+       ......... ......... ......... ......... ......... ......... ......... ......... ......... ......... ......... .........
         ......... ......... ......... ......... ......... ......... ......... ......... .........
 
 OM33
+       ......... ......... ......... ......... ......... ......... ......... ......... ......... ......... ......... .........
         ......... ......... ......... ......... ......... ......... ......... ......... ......... .........
 
 OM34
+       ......... ......... ......... ......... ......... ......... ......... ......... ......... ......... ......... .........
         ......... ......... ......... ......... ......... ......... ......... ......... ......... ......... .........
 
 OM35
+       ......... ......... ......... ......... ......... ......... ......... ......... ......... ......... ......... .........
         ......... ......... ......... ......... ......... ......... ......... ......... ......... ......... ......... .........
 
 OM36
+       ......... ......... ......... ......... ......... ......... ......... ......... ......... ......... ......... .........
         ......... ......... ......... ......... ......... ......... ......... ......... ......... ......... ......... .........
        .........
 
 OM44
+       ......... ......... ......... ......... ......... ......... ......... ......... ......... ......... ......... .........
         ......... ......... ......... ......... ......... ......... ......... ......... ......... ......... ......... .........
        ......... .........
 
 OM45
+       ......... ......... ......... ......... ......... ......... ......... ......... ......... ......... ......... .........
         ......... ......... ......... ......... ......... ......... ......... ......... ......... ......... ......... .........
        ......... ......... .........
 
 OM46
+       ......... ......... ......... ......... ......... ......... ......... ......... ......... ......... ......... .........
         ......... ......... ......... ......... ......... ......... ......... ......... ......... ......... ......... .........
        ......... ......... ......... .........
 
 OM55
+       ......... ......... ......... ......... ......... ......... ......... ......... ......... ......... ......... .........
         ......... ......... ......... ......... ......... ......... ......... ......... ......... ......... ......... .........
        ......... ......... ......... ......... .........
 
 OM56
+       ......... ......... ......... ......... ......... ......... ......... ......... ......... ......... ......... .........
         ......... ......... ......... ......... ......... ......... ......... ......... ......... ......... ......... .........
        ......... ......... ......... ......... ......... .........
 
 OM66
+       ......... ......... ......... ......... ......... ......... ......... ......... ......... ......... ......... .........
         ......... ......... ......... ......... ......... ......... ......... ......... ......... ......... ......... .........
        ......... ......... ......... ......... ......... ......... .........
 
 SG11
+       ......... -2.74E+04  2.29E+04 -5.34E+03 -3.58E+03  4.05E+03 ......... ......... ......... ......... ......... .........
         ......... ......... ......... ......... ......... ......... ......... ......... ......... ......... ......... .........
        ......... ......... ......... ......... ......... ......... .........  3.54E+04
 
Stop Time:
Sat Feb 22 18:13:42 CST 2014
This file was created using /Users/zhangrichard/nm72/run/nmfe72
Started  Sat Feb 22 18:13:29 2014
Finished Sat Feb 22 18:13:42 2014
