Sat Feb 22 18:13:10 CST 2014
;; 1. Based on: run113
;; 2. Description: FINAL IV Arctigenin to AA + AG, IV, KL, KB
;; x1. Author: RZ
$PROBLEM    METABOLISM OF ARCTIGENIN IN RATS AFTER IV - ADVAN6
$INPUT      ID TIME DV DOSE=AMT MDV CMT DL
$DATA       Arctigenin_IV_for_nonmem.csv IGNORE=@
$SUBROUTINE ADVAN6 TOL=6
$MODEL      COMP=(CENTRAL,DEFDOSE,DEFOBS) ; 1. Arctigenin (AR) central
            COMP=(AG_LIVER) ; 2. AG Liver,equal to central
            COMP=(AA_CENTR) ; 3. AA Central
$PK 
K10= THETA(1)*EXP(ETA(1))		; elimination rate constant of AR from central comp
K20= THETA(2)*EXP(ETA(2))		; elimination rate constant of AG from Liver, not considering the transfer from Liver to Central
K30= THETA(3)*EXP(ETA(3))		; elimination rate constant of AA from central comp
V1=  THETA(4)*EXP(ETA(4))
S1=  V1
S2=  V1
S3=  V1
KB=  THETA(5)*EXP(ETA(5))		; Metabolism rate constant in Blood
KL=  THETA(6)*EXP(ETA(6))		; Metabolism rate constant in Liver


$DES 

DADT(1)=-K10*A(1)-KB*A(1)-KL*A(1)
DADT(2)= KL*A(1)-K20*A(2)
DADT(3)= KB*A(1)-K30*A(3)

$ERROR 
Y = F + EPS(1)

$THETA  0 FIX ; K10
 (0,0.206) ; K20
 (0,0.132) ; K30
 (0,0.3) ; V1(L)
 (0,0.1) ; KB
 (0,0.1) ; KL
$OMEGA  0  FIX  ;    IIV K10
 0  FIX  ;    IIV K20
 0  FIX  ;    IIV K30
 0  FIX  ;     IIV V1
 0  FIX  ;     IIV KB
 0  FIX  ;     IIV KL
$SIGMA  0.01  ; Residual error
$ESTIMATION METHOD=0 MAXEVAL=999 NOABORT SIG=5 PRINT=1 POSTHOC
; Xpose
$COVARIANCE
$TABLE      ID TIME DV MDV CMT DL ONEHEADER NOPRINT FILE=sdtab129.tab


NM-TRAN MESSAGES
  
 WARNINGS AND ERRORS (IF ANY) FOR PROBLEM    1
             
 (WARNING  2) NM-TRAN INFERS THAT THE DATA ARE POPULATION.
 CREATING MUMODEL ROUTINE...

License Registered to: Zhang Zhen
Expiration Date:    14 JUN 2014
Current Date:       22 FEB 2014
Days until program expires : 112
1NONLINEAR MIXED EFFECTS MODEL PROGRAM (NONMEM) VERSION 7.2.0
 ORIGINALLY DEVELOPED BY STUART BEAL, LEWIS SHEINER, AND ALISON BOECKMANN
 CURRENT DEVELOPERS ARE ROBERT BAUER, ICON DEVELOPMENT SOLUTIONS,
 AND ALISON BOECKMANN. IMPLEMENTATION, EFFICIENCY, AND STANDARDIZATION
 PERFORMED BY NOUS INFOSYSTEMS.

 PROBLEM NO.:         1
 METABOLISM OF ARCTIGENIN IN RATS AFTER IV - ADVAN6
0DATA CHECKOUT RUN:              NO
 DATA SET LOCATED ON UNIT NO.:    2
 THIS UNIT TO BE REWOUND:        NO
 NO. OF DATA RECS IN DATA SET:      594
 NO. OF DATA ITEMS IN DATA SET:   8
 ID DATA ITEM IS DATA ITEM NO.:   1
 DEP VARIABLE IS DATA ITEM NO.:   3
 MDV DATA ITEM IS DATA ITEM NO.:  5
0INDICES PASSED TO SUBROUTINE PRED:
   8   2   4   0   0   0   6   0   0   0   0
0LABELS FOR DATA ITEMS:
 ID TIME DV DOSE MDV CMT DL EVID
0FORMAT FOR DATA:
 (E3.0,E4.0,2E12.0,3E2.0,1F2.0)

 TOT. NO. OF OBS RECS:      481
 TOT. NO. OF INDIVIDUALS:     18
0LENGTH OF THETA:   6
0DEFAULT THETA BOUNDARY TEST OMITTED:    NO
0OMEGA HAS SIMPLE DIAGONAL FORM WITH DIMENSION:   6
0DEFAULT OMEGA BOUNDARY TEST OMITTED:    NO
0SIGMA HAS SIMPLE DIAGONAL FORM WITH DIMENSION:   1
0DEFAULT SIGMA BOUNDARY TEST OMITTED:    NO
0INITIAL ESTIMATE OF THETA:
 LOWER BOUND    INITIAL EST    UPPER BOUND
  0.0000E+00     0.0000E+00     0.0000E+00
  0.0000E+00     0.2060E+00     0.1000E+07
  0.0000E+00     0.1320E+00     0.1000E+07
  0.0000E+00     0.3000E+00     0.1000E+07
  0.0000E+00     0.1000E+00     0.1000E+07
  0.0000E+00     0.1000E+00     0.1000E+07
0INITIAL ESTIMATE OF OMEGA:
 0.0000E+00
 0.0000E+00   0.0000E+00
 0.0000E+00   0.0000E+00   0.0000E+00
 0.0000E+00   0.0000E+00   0.0000E+00   0.0000E+00
 0.0000E+00   0.0000E+00   0.0000E+00   0.0000E+00   0.0000E+00
 0.0000E+00   0.0000E+00   0.0000E+00   0.0000E+00   0.0000E+00   0.0000E+00
0OMEGA CONSTRAINED TO BE THIS INITIAL ESTIMATE
0INITIAL ESTIMATE OF SIGMA:
 0.1000E-01
0ESTIMATION STEP OMITTED:           NO
 EPS-ETA INTERACTION:               NO
 POP. ETAS OBTAINED POST HOC:      YES
 NO. OF FUNCT. EVALS. ALLOWED:        999
 NO. OF SIG. FIGURES REQUIRED:       5
 INTERMEDIATE PRINTOUT:            YES
 ESTIMATE OUTPUT TO MSF:            NO
 ABORT WITH PRED EXIT CODE 1:       NO
 IND. OBJ. FUNC. VALUES SORTED:     NO
0COVARIANCE STEP OMITTED:    NO
 EIGENVLS. PRINTED:          NO
 SPECIAL COMPUTATION:        NO
 COMPRESSED FORMAT:          NO
0TABLES STEP OMITTED:    NO
 NO. OF TABLES:           1
0-- TABLE   1 --
 PRINTED:                NO
 HEADER:                YES
 FILE TO BE FORWARDED:   NO
0USER-CHOSEN ITEMS:
 ID TIME DV MDV CMT DL

 THE FOLLOWING LABELS ARE EQUIVALENT
 PRED=NPRED
 RES=NRES
 WRES=NWRES
1DOUBLE PRECISION PREDPP VERSION 7.2.0

 GENERAL NONLINEAR KINETICS MODEL (ADVAN6)
0MODEL SUBROUTINE USER-SUPPLIED - ID NO. 9999
0MAXIMUM NO. OF BASIC PK PARAMETERS:   5
0COMPARTMENT ATTRIBUTES
 COMPT. NO.   FUNCTION   INITIAL    ON/OFF      DOSE      DEFAULT    DEFAULT
                         STATUS     ALLOWED    ALLOWED    FOR DOSE   FOR OBS.
    1         CENTRAL      ON         YES        YES        YES        YES
    2         AG_LIVER     ON         YES        YES        NO         NO
    3         AA_CENTR     ON         YES        YES        NO         NO
    4         OUTPUT       OFF        YES        NO         NO         NO
0NRD VALUE FROM SUBROUTINE TOL:   6
1
 ADDITIONAL PK PARAMETERS - ASSIGNMENT OF ROWS IN GG
 COMPT. NO.                             INDICES
              SCALE      BIOAVAIL.   ZERO-ORDER  ZERO-ORDER  ABSORB
                         FRACTION    RATE        DURATION    LAG
    1           6           *           *           *           *
    2           7           *           *           *           *
    3           8           *           *           *           *
    4           *           -           -           -           -
             - PARAMETER IS NOT ALLOWED FOR THIS MODEL
             * PARAMETER IS NOT SUPPLIED BY PK SUBROUTINE;
               WILL DEFAULT TO ONE IF APPLICABLE
0DATA ITEM INDICES USED BY PRED ARE:
   EVENT ID DATA ITEM IS DATA ITEM NO.:      8
   TIME DATA ITEM IS DATA ITEM NO.:          2
   DOSE AMOUNT DATA ITEM IS DATA ITEM NO.:   4
   COMPT. NO. DATA ITEM IS DATA ITEM NO.:    6

0PK SUBROUTINE CALLED WITH EVERY EVENT RECORD.
 PK SUBROUTINE NOT CALLED AT NONEVENT (ADDITIONAL OR LAGGED) DOSE TIMES.
0DURING SIMULATION, ERROR SUBROUTINE CALLED WITH EVERY EVENT RECORD.
 OTHERWISE, ERROR SUBROUTINE CALLED ONCE IN THIS PROBLEM.
0DES SUBROUTINE USES COMPACT STORAGE MODE.
1


 #TBLN:      1
 #METH: First Order

 MONITORING OF SEARCH:


0ITERATION NO.:    0    OBJECTIVE VALUE:   2102.71438377011        NO. OF FUNC. EVALS.:   7
 CUMULATIVE NO. OF FUNC. EVALS.:        7
 NPARAMETR:  2.0600E-01  1.3200E-01  3.0000E-01  1.0000E-01  1.0000E-01  1.0000E-02
 PARAMETER:  1.0000E-01  1.0000E-01  1.0000E-01  1.0000E-01  1.0000E-01  1.0000E-01
 GRADIENT:  -1.1811E+03  1.5613E+03  7.9907E+03  1.5963E+03  5.5231E+03 -7.6736E+03

0ITERATION NO.:    1    OBJECTIVE VALUE:  -306.991864526974        NO. OF FUNC. EVALS.:   8
 CUMULATIVE NO. OF FUNC. EVALS.:       15
 NPARAMETR:  2.1534E-01  1.2449E-01  2.2225E-01  9.4183E-02  8.1273E-02  1.7792E-02
 PARAMETER:  1.4434E-01  4.1385E-02 -2.0000E-01  4.0069E-02 -1.0736E-01  3.8809E-01
 GRADIENT:  -1.0173E+03  4.4757E+00 -4.5457E+03 -4.3738E+02  9.5723E+02 -2.2999E+03

0ITERATION NO.:    2    OBJECTIVE VALUE:  -931.035899608972        NO. OF FUNC. EVALS.:   8
 CUMULATIVE NO. OF FUNC. EVALS.:       23
 NPARAMETR:  2.5890E-01  1.1803E-01  3.2363E-01  9.4964E-02  5.8894E-02  5.7343E-02
 PARAMETER:  3.2855E-01 -1.1887E-02  1.7581E-01  4.8331E-02 -4.2943E-01  9.7324E-01
 GRADIENT:  -3.1285E+01  1.7270E+02  1.4256E+03  3.3461E+02  4.2538E+02  7.4014E+01

0ITERATION NO.:    3    OBJECTIVE VALUE:  -1013.42003847150        NO. OF FUNC. EVALS.:   8
 CUMULATIVE NO. OF FUNC. EVALS.:       31
 NPARAMETR:  3.0662E-01  1.0990E-01  3.3911E-01  8.1433E-02  4.5742E-02  3.9245E-02
 PARAMETER:  4.9772E-01 -8.3210E-02  2.2254E-01 -1.0539E-01 -6.8215E-01  7.8362E-01
 GRADIENT:  -1.0784E+00  2.1895E+02  1.8987E+03  2.1015E+02  3.6388E+02 -1.2604E+02

0ITERATION NO.:    4    OBJECTIVE VALUE:  -1018.46867978581        NO. OF FUNC. EVALS.:   8
 CUMULATIVE NO. OF FUNC. EVALS.:       39
 NPARAMETR:  3.9146E-01  9.7006E-02  3.3227E-01  9.3095E-02  4.2559E-02  3.2034E-02
 PARAMETER:  7.4201E-01 -2.0802E-01  2.0217E-01  2.8448E-02 -7.5427E-01  6.8210E-01
 GRADIENT:   2.2090E+01  5.4625E+00  2.0543E+03  6.3305E+02  3.3002E+02 -3.1127E+02

0ITERATION NO.:    5    OBJECTIVE VALUE:  -1090.20844563167        NO. OF FUNC. EVALS.:   8
 CUMULATIVE NO. OF FUNC. EVALS.:       47
 NPARAMETR:  2.0622E+00  9.7355E-02  2.8230E-01  8.5479E-02  5.8984E-02  2.2215E-02
 PARAMETER:  2.4037E+00 -2.0444E-01  3.9175E-02 -5.6896E-02 -4.2790E-01  4.9908E-01
 GRADIENT:   4.3767E+01 -4.1484E+01  9.4305E+02  4.0249E+02  2.9769E+02 -5.1991E+02

0ITERATION NO.:    6    OBJECTIVE VALUE:  -1090.87201777280        NO. OF FUNC. EVALS.:   9
 CUMULATIVE NO. OF FUNC. EVALS.:       56
 NPARAMETR:  2.0597E+00  1.0238E-01  2.8111E-01  8.7311E-02  5.7700E-02  2.1998E-02
 PARAMETER:  2.4025E+00 -1.5409E-01  3.4951E-02 -3.5694E-02 -4.4990E-01  4.9419E-01
 GRADIENT:   4.3677E+01 -1.2240E+00  9.4329E+02  4.0427E+02  3.0728E+02 -5.2800E+02

0ITERATION NO.:    7    OBJECTIVE VALUE:  -1148.01317342021        NO. OF FUNC. EVALS.:  10
 CUMULATIVE NO. OF FUNC. EVALS.:       66
 NPARAMETR:  1.1395E+00  1.0626E-01  2.9322E-01  8.1500E-02  5.2431E-02  2.6504E-02
 PARAMETER:  1.8105E+00 -1.1694E-01  7.7157E-02 -1.0456E-01 -5.4568E-01  5.8736E-01
 GRADIENT:   4.2863E+01  1.3676E+02  1.0893E+03  9.4243E+01  2.4246E+02 -2.3447E+02

0ITERATION NO.:    8    OBJECTIVE VALUE:  -1207.65900672714        NO. OF FUNC. EVALS.:   8
 CUMULATIVE NO. OF FUNC. EVALS.:       74
 NPARAMETR:  3.6310E-01  1.1444E-01  2.9624E-01  8.6964E-02  4.0283E-02  3.3872E-02
 PARAMETER:  6.6681E-01 -4.2735E-02  8.7382E-02 -3.9680E-02 -8.0925E-01  7.1001E-01
 GRADIENT:   1.1241E+01  4.8046E+01  5.5841E+02  4.4248E+01  8.6081E+01  1.2081E+02

0ITERATION NO.:    9    OBJECTIVE VALUE:  -1221.65957087530        NO. OF FUNC. EVALS.:   8
 CUMULATIVE NO. OF FUNC. EVALS.:       82
 NPARAMETR:  3.3204E-01  1.2165E-01  2.9013E-01  8.7373E-02  3.4272E-02  2.9438E-02
 PARAMETER:  5.7738E-01  1.8353E-02  6.6540E-02 -3.4980E-02 -9.7084E-01  6.3985E-01
 GRADIENT:   1.5756E+01  2.6970E+01 -3.2816E+01 -1.9798E+02 -4.0106E+01  1.3821E+01

0ITERATION NO.:   10    OBJECTIVE VALUE:  -1230.92098540682        NO. OF FUNC. EVALS.:   8
 CUMULATIVE NO. OF FUNC. EVALS.:       90
 NPARAMETR:  2.3324E-01  1.3557E-01  2.8680E-01  9.9503E-02  2.9756E-02  2.9601E-02
 PARAMETER:  2.2420E-01  1.2670E-01  5.4991E-02  9.5019E-02 -1.1121E+00  6.4261E-01
 GRADIENT:   3.6121E+00  1.3489E+01  1.3242E+02  8.8029E+01  3.2411E+01  3.7660E+01

0ITERATION NO.:   11    OBJECTIVE VALUE:  -1232.79405170309        NO. OF FUNC. EVALS.:   8
 CUMULATIVE NO. OF FUNC. EVALS.:       98
 NPARAMETR:  2.1829E-01  1.3484E-01  2.8744E-01  9.8205E-02  2.8631E-02  2.8811E-02
 PARAMETER:  1.5793E-01  1.2126E-01  5.7223E-02  8.1892E-02 -1.1507E+00  6.2908E-01
 GRADIENT:   6.2981E-01  4.2068E+00  2.3921E+01  1.0329E+01  1.1341E+01  1.5366E+01

0ITERATION NO.:   12    OBJECTIVE VALUE:  -1233.20274106832        NO. OF FUNC. EVALS.:   8
 CUMULATIVE NO. OF FUNC. EVALS.:      106
 NPARAMETR:  1.9619E-01  1.3756E-01  2.8813E-01  9.9323E-02  2.6741E-02  2.7891E-02
 PARAMETER:  5.1216E-02  1.4127E-01  5.9639E-02  9.3208E-02 -1.2190E+00  6.1286E-01
 GRADIENT:  -1.9943E+00  8.8182E+00  1.5068E+01 -9.1823E-01  9.4395E+00 -1.5013E+01

0ITERATION NO.:   13    OBJECTIVE VALUE:  -1233.25993600104        NO. OF FUNC. EVALS.:   8
 CUMULATIVE NO. OF FUNC. EVALS.:      114
 NPARAMETR:  1.9283E-01  1.3687E-01  2.8803E-01  9.9476E-02  2.6484E-02  2.7990E-02
 PARAMETER:  3.3910E-02  1.3620E-01  5.9288E-02  9.4743E-02 -1.2286E+00  6.1464E-01
 GRADIENT:  -2.6476E+00 -6.6569E+00 -1.8347E+01  9.6816E-01  4.8958E+00 -1.1482E+01

0ITERATION NO.:   14    OBJECTIVE VALUE:  -1233.41693758150        NO. OF FUNC. EVALS.:   9
 CUMULATIVE NO. OF FUNC. EVALS.:      123
 NPARAMETR:  1.8613E-01  1.3859E-01  2.8868E-01  1.0016E-01  2.5551E-02  2.8132E-02
 PARAMETER: -1.4415E-03  1.4869E-01  6.1534E-02  1.0159E-01 -1.2645E+00  6.1716E-01
 GRADIENT:  -1.8024E+00  1.9343E+00  1.2380E+01  5.2520E+00  6.1048E+00 -6.3158E+00

0ITERATION NO.:   15    OBJECTIVE VALUE:  -1233.48771530882        NO. OF FUNC. EVALS.:   9
 CUMULATIVE NO. OF FUNC. EVALS.:      132
 NPARAMETR:  1.8294E-01  1.3954E-01  2.8892E-01  1.0059E-01  2.4846E-02  2.8237E-02
 PARAMETER: -1.8740E-02  1.5554E-01  6.2381E-02  1.0586E-01 -1.2925E+00  6.1903E-01
 GRADIENT:  -4.1099E-01  2.4308E+00  9.8815E+00  3.1152E+00  2.7786E+00 -2.5826E+00

0ITERATION NO.:   16    OBJECTIVE VALUE:  -1233.50241831464        NO. OF FUNC. EVALS.:   8
 CUMULATIVE NO. OF FUNC. EVALS.:      140
 NPARAMETR:  1.8026E-01  1.3991E-01  2.8907E-01  1.0079E-01  2.4427E-02  2.8319E-02
 PARAMETER: -3.3503E-02  1.5819E-01  6.2885E-02  1.0790E-01 -1.3095E+00  6.2048E-01
 GRADIENT:  -5.6111E-03  5.0194E-01  2.4006E+00  2.9337E-01  3.6053E-01  2.4493E-01

0ITERATION NO.:   17    OBJECTIVE VALUE:  -1233.50272365057        NO. OF FUNC. EVALS.:   8
 CUMULATIVE NO. OF FUNC. EVALS.:      148
 NPARAMETR:  1.7985E-01  1.3997E-01  2.8906E-01  1.0084E-01  2.4370E-02  2.8312E-02
 PARAMETER: -3.5745E-02  1.5865E-01  6.2844E-02  1.0834E-01 -1.3118E+00  6.2036E-01
 GRADIENT:   2.9025E-02  3.3026E-02  1.9496E-01  1.2118E-01  8.2491E-03  3.9321E-03

0ITERATION NO.:   18    OBJECTIVE VALUE:  -1233.50273048422        NO. OF FUNC. EVALS.:   8
 CUMULATIVE NO. OF FUNC. EVALS.:      156
 NPARAMETR:  1.7975E-01  1.3997E-01  2.8906E-01  1.0084E-01  2.4364E-02  2.8313E-02
 PARAMETER: -3.6316E-02  1.5866E-01  6.2857E-02  1.0834E-01 -1.3120E+00  6.2036E-01
 GRADIENT:   3.5311E-04 -3.8869E-03  1.2146E-02 -7.9667E-03 -3.4271E-03  1.3464E-02

0ITERATION NO.:   19    OBJECTIVE VALUE:  -1233.50273060430        NO. OF FUNC. EVALS.:   8
 CUMULATIVE NO. OF FUNC. EVALS.:      164
 NPARAMETR:  1.7975E-01  1.3997E-01  2.8906E-01  1.0084E-01  2.4365E-02  2.8312E-02
 PARAMETER: -3.6290E-02  1.5866E-01  6.2853E-02  1.0834E-01 -1.3120E+00  6.2035E-01
 GRADIENT:   1.5461E-04 -4.4054E-04  4.1427E-04  8.8984E-05 -3.8656E-04  4.1923E-04

0ITERATION NO.:   20    OBJECTIVE VALUE:  -1233.50273061489        NO. OF FUNC. EVALS.:   9
 CUMULATIVE NO. OF FUNC. EVALS.:      173
 NPARAMETR:  1.7975E-01  1.3997E-01  2.8906E-01  1.0084E-01  2.4365E-02  2.8312E-02
 PARAMETER: -3.6282E-02  1.5866E-01  6.2852E-02  1.0834E-01 -1.3120E+00  6.2035E-01
 GRADIENT:  -4.3929E-04  1.2953E-03 -1.3488E-03 -3.3411E-04  1.1133E-03 -1.3004E-03

0ITERATION NO.:   21    OBJECTIVE VALUE:  -1233.50273061489        NO. OF FUNC. EVALS.:  15
 CUMULATIVE NO. OF FUNC. EVALS.:      188
 NPARAMETR:  1.7975E-01  1.3997E-01  2.8906E-01  1.0084E-01  2.4365E-02  2.8312E-02
 PARAMETER: -3.6282E-02  1.5866E-01  6.2852E-02  1.0834E-01 -1.3120E+00  6.2035E-01
 GRADIENT:  -4.8306E-04 -1.8064E-04 -1.1147E-02 -3.0557E-03 -1.5725E-03 -7.2683E-03

0ITERATION NO.:   22    OBJECTIVE VALUE:  -1233.50273064470        NO. OF FUNC. EVALS.:  15
 CUMULATIVE NO. OF FUNC. EVALS.:      203
 NPARAMETR:  1.7976E-01  1.3997E-01  2.8906E-01  1.0084E-01  2.4366E-02  2.8312E-02
 PARAMETER: -3.6259E-02  1.5865E-01  6.2852E-02  1.0834E-01 -1.3120E+00  6.2036E-01
 GRADIENT:  -1.7894E-04 -1.4905E-05 -4.6770E-03 -1.4552E-03 -6.8145E-04 -2.9835E-03

0ITERATION NO.:   23    OBJECTIVE VALUE:  -1233.50273065060        NO. OF FUNC. EVALS.:  14
 CUMULATIVE NO. OF FUNC. EVALS.:      217
 NPARAMETR:  1.7976E-01  1.3997E-01  2.8906E-01  1.0084E-01  2.4366E-02  2.8312E-02
 PARAMETER: -3.6244E-02  1.5865E-01  6.2852E-02  1.0834E-01 -1.3120E+00  6.2036E-01
 GRADIENT:  -2.5011E-06  4.4429E-06  6.9917E-05  5.0161E-05  1.2981E-05  8.3200E-06

0ITERATION NO.:   24    OBJECTIVE VALUE:  -1233.50273065060        NO. OF FUNC. EVALS.:   0
 CUMULATIVE NO. OF FUNC. EVALS.:      217
 NPARAMETR:  1.7976E-01  1.3997E-01  2.8906E-01  1.0084E-01  2.4366E-02  2.8312E-02
 PARAMETER: -3.6244E-02  1.5865E-01  6.2852E-02  1.0834E-01 -1.3120E+00  6.2036E-01
 GRADIENT:  -2.5011E-06  4.4429E-06  6.9917E-05  5.0161E-05  1.2981E-05  8.3200E-06

 #TERM:
0MINIMIZATION SUCCESSFUL
 NO. OF FUNCTION EVALUATIONS USED:      217
 NO. OF SIG. DIGITS IN FINAL EST.:  6.0
 #TERE:
 Elapsed estimation time in seconds:     0.70
 Elapsed covariance time in seconds:     0.23
1
 
 
 
 
 
 
 
 
 
 
 
 
 
 
 
 
 
 
 
 
 ************************************************************************************************************************
 ********************                                                                                ********************
 ********************                                   FIRST ORDER                                  ********************
 #OBJT:**************                       MINIMUM VALUE OF OBJECTIVE FUNCTION                      ********************
 ********************                                                                                ********************
 ************************************************************************************************************************
 





 #OBJV:********************************************    -1233.503       **************************************************
1
 ************************************************************************************************************************
 ********************                                                                                ********************
 ********************                                   FIRST ORDER                                  ********************
 ********************                             FINAL PARAMETER ESTIMATE                           ********************
 ********************                                                                                ********************
 ************************************************************************************************************************
 


 THETA - VECTOR OF FIXED EFFECTS PARAMETERS   *********


         TH 1      TH 2      TH 3      TH 4      TH 5      TH 6     
 
         0.00E+00  1.80E-01  1.40E-01  2.89E-01  1.01E-01  2.44E-02
 


 OMEGA - COV MATRIX FOR RANDOM EFFECTS - ETAS  ********


            ETA1      ETA2      ETA3      ETA4      ETA5      ETA6   
 
 ETA1
+        0.00E+00
 
 ETA2
+        0.00E+00  0.00E+00
 
 ETA3
+        0.00E+00  0.00E+00  0.00E+00
 
 ETA4
+        0.00E+00  0.00E+00  0.00E+00  0.00E+00
 
 ETA5
+        0.00E+00  0.00E+00  0.00E+00  0.00E+00  0.00E+00
 
 ETA6
+        0.00E+00  0.00E+00  0.00E+00  0.00E+00  0.00E+00  0.00E+00
 


 SIGMA - COV MATRIX FOR RANDOM EFFECTS - EPSILONS  ****


            EPS1   
 
 EPS1
+        2.83E-02
 
1


 OMEGA - CORR MATRIX FOR RANDOM EFFECTS - ETAS  *******


            ETA1      ETA2      ETA3      ETA4      ETA5      ETA6   
 
 ETA1
+        0.00E+00
 
 ETA2
+        0.00E+00  0.00E+00
 
 ETA3
+        0.00E+00  0.00E+00  0.00E+00
 
 ETA4
+        0.00E+00  0.00E+00  0.00E+00  0.00E+00
 
 ETA5
+        0.00E+00  0.00E+00  0.00E+00  0.00E+00  0.00E+00
 
 ETA6
+        0.00E+00  0.00E+00  0.00E+00  0.00E+00  0.00E+00  0.00E+00
 


 SIGMA - CORR MATRIX FOR RANDOM EFFECTS - EPSILONS  ***


            EPS1   
 
 EPS1
+        1.68E-01
 
1
 ************************************************************************************************************************
 ********************                                                                                ********************
 ********************                                   FIRST ORDER                                  ********************
 ********************                            STANDARD ERROR OF ESTIMATE                          ********************
 ********************                                                                                ********************
 ************************************************************************************************************************
 


 THETA - VECTOR OF FIXED EFFECTS PARAMETERS   *********


         TH 1      TH 2      TH 3      TH 4      TH 5      TH 6     
 
        .........  3.74E-02  5.58E-03  1.42E-02  4.30E-03  4.65E-03
 


 OMEGA - COV MATRIX FOR RANDOM EFFECTS - ETAS  ********


            ETA1      ETA2      ETA3      ETA4      ETA5      ETA6   
 
 ETA1
+       .........
 
 ETA2
+       ......... .........
 
 ETA3
+       ......... ......... .........
 
 ETA4
+       ......... ......... ......... .........
 
 ETA5
+       ......... ......... ......... ......... .........
 
 ETA6
+       ......... ......... ......... ......... ......... .........
 


 SIGMA - COV MATRIX FOR RANDOM EFFECTS - EPSILONS  ****


            EPS1   
 
 EPS1
+        7.75E-03
 
1


 OMEGA - CORR MATRIX FOR RANDOM EFFECTS - ETAS  *******


            ETA1      ETA2      ETA3      ETA4      ETA5      ETA6   
 
 ETA1
+       .........
 
 ETA2
+       ......... .........
 
 ETA3
+       ......... ......... .........
 
 ETA4
+       ......... ......... ......... .........
 
 ETA5
+       ......... ......... ......... ......... .........
 
 ETA6
+       ......... ......... ......... ......... ......... .........
 


 SIGMA - CORR MATRIX FOR RANDOM EFFECTS - EPSILONS  ***


            EPS1   
 
 EPS1
+        2.30E-02
 
1
 ************************************************************************************************************************
 ********************                                                                                ********************
 ********************                                   FIRST ORDER                                  ********************
 ********************                          COVARIANCE MATRIX OF ESTIMATE                         ********************
 ********************                                                                                ********************
 ************************************************************************************************************************
 

            TH 1      TH 2      TH 3      TH 4      TH 5      TH 6      OM11      OM12      OM13      OM14      OM15      OM16
             OM22      OM23      OM24      OM25      OM26      OM33      OM34      OM35      OM36      OM44      OM45      OM46
            OM55      OM56      OM66      SG11
 
 TH 1
+       .........
 
 TH 2
+       .........  1.40E-03
 
 TH 3
+       ......... -7.84E-05  3.11E-05
 
 TH 4
+       .........  5.27E-05 -5.54E-05  2.00E-04
 
 TH 5
+       ......... -4.44E-05  1.11E-05 -4.21E-05  1.85E-05
 
 TH 6
+       .........  1.64E-04 -1.59E-05  2.18E-05 -6.22E-06  2.16E-05
 
 OM11
+       ......... ......... ......... ......... ......... ......... .........
 
 OM12
+       ......... ......... ......... ......... ......... ......... ......... .........
 
 OM13
+       ......... ......... ......... ......... ......... ......... ......... ......... .........
 
 OM14
+       ......... ......... ......... ......... ......... ......... ......... ......... ......... .........
 
 OM15
+       ......... ......... ......... ......... ......... ......... ......... ......... ......... ......... .........
 
 OM16
+       ......... ......... ......... ......... ......... ......... ......... ......... ......... ......... ......... .........
 
 OM22
+       ......... ......... ......... ......... ......... ......... ......... ......... ......... ......... ......... .........
         .........
 
 OM23
+       ......... ......... ......... ......... ......... ......... ......... ......... ......... ......... ......... .........
         ......... .........
 
 OM24
+       ......... ......... ......... ......... ......... ......... ......... ......... ......... ......... ......... .........
         ......... ......... .........
 
 OM25
+       ......... ......... ......... ......... ......... ......... ......... ......... ......... ......... ......... .........
         ......... ......... ......... .........
 
 OM26
+       ......... ......... ......... ......... ......... ......... ......... ......... ......... ......... ......... .........
         ......... ......... ......... ......... .........
 
 OM33
+       ......... ......... ......... ......... ......... ......... ......... ......... ......... ......... ......... .........
         ......... ......... ......... ......... ......... .........
 
 OM34
+       ......... ......... ......... ......... ......... ......... ......... ......... ......... ......... ......... .........
         ......... ......... ......... ......... ......... ......... .........
 
1

            TH 1      TH 2      TH 3      TH 4      TH 5      TH 6      OM11      OM12      OM13      OM14      OM15      OM16
             OM22      OM23      OM24      OM25      OM26      OM33      OM34      OM35      OM36      OM44      OM45      OM46
            OM55      OM56      OM66      SG11
 
 OM35
+       ......... ......... ......... ......... ......... ......... ......... ......... ......... ......... ......... .........
         ......... ......... ......... ......... ......... ......... ......... .........
 
 OM36
+       ......... ......... ......... ......... ......... ......... ......... ......... ......... ......... ......... .........
         ......... ......... ......... ......... ......... ......... ......... ......... .........
 
 OM44
+       ......... ......... ......... ......... ......... ......... ......... ......... ......... ......... ......... .........
         ......... ......... ......... ......... ......... ......... ......... ......... ......... .........
 
 OM45
+       ......... ......... ......... ......... ......... ......... ......... ......... ......... ......... ......... .........
         ......... ......... ......... ......... ......... ......... ......... ......... ......... ......... .........
 
 OM46
+       ......... ......... ......... ......... ......... ......... ......... ......... ......... ......... ......... .........
         ......... ......... ......... ......... ......... ......... ......... ......... ......... ......... ......... .........
 
 OM55
+       ......... ......... ......... ......... ......... ......... ......... ......... ......... ......... ......... .........
         ......... ......... ......... ......... ......... ......... ......... ......... ......... ......... ......... .........
        .........
 
 OM56
+       ......... ......... ......... ......... ......... ......... ......... ......... ......... ......... ......... .........
         ......... ......... ......... ......... ......... ......... ......... ......... ......... ......... ......... .........
        ......... .........
 
 OM66
+       ......... ......... ......... ......... ......... ......... ......... ......... ......... ......... ......... .........
         ......... ......... ......... ......... ......... ......... ......... ......... ......... ......... ......... .........
        ......... ......... .........
 
 SG11
+       ......... -2.87E-06  2.29E-05 -7.36E-05  1.69E-05 -7.05E-06 ......... ......... ......... ......... ......... .........
         ......... ......... ......... ......... ......... ......... ......... ......... ......... ......... ......... .........
        ......... ......... .........  6.01E-05
 
1
 ************************************************************************************************************************
 ********************                                                                                ********************
 ********************                                   FIRST ORDER                                  ********************
 ********************                          CORRELATION MATRIX OF ESTIMATE                        ********************
 ********************                                                                                ********************
 ************************************************************************************************************************
 

            TH 1      TH 2      TH 3      TH 4      TH 5      TH 6      OM11      OM12      OM13      OM14      OM15      OM16
             OM22      OM23      OM24      OM25      OM26      OM33      OM34      OM35      OM36      OM44      OM45      OM46
            OM55      OM56      OM66      SG11
 
 TH 1
+       .........
 
 TH 2
+       .........  3.74E-02
 
 TH 3
+       ......... -3.76E-01  5.58E-03
 
 TH 4
+       .........  9.97E-02 -7.01E-01  1.42E-02
 
 TH 5
+       ......... -2.76E-01  4.61E-01 -6.91E-01  4.30E-03
 
 TH 6
+       .........  9.46E-01 -6.13E-01  3.31E-01 -3.11E-01  4.65E-03
 
 OM11
+       ......... ......... ......... ......... ......... ......... .........
 
 OM12
+       ......... ......... ......... ......... ......... ......... ......... .........
 
 OM13
+       ......... ......... ......... ......... ......... ......... ......... ......... .........
 
 OM14
+       ......... ......... ......... ......... ......... ......... ......... ......... ......... .........
 
 OM15
+       ......... ......... ......... ......... ......... ......... ......... ......... ......... ......... .........
 
 OM16
+       ......... ......... ......... ......... ......... ......... ......... ......... ......... ......... ......... .........
 
 OM22
+       ......... ......... ......... ......... ......... ......... ......... ......... ......... ......... ......... .........
         .........
 
 OM23
+       ......... ......... ......... ......... ......... ......... ......... ......... ......... ......... ......... .........
         ......... .........
 
 OM24
+       ......... ......... ......... ......... ......... ......... ......... ......... ......... ......... ......... .........
         ......... ......... .........
 
 OM25
+       ......... ......... ......... ......... ......... ......... ......... ......... ......... ......... ......... .........
         ......... ......... ......... .........
 
 OM26
+       ......... ......... ......... ......... ......... ......... ......... ......... ......... ......... ......... .........
         ......... ......... ......... ......... .........
 
 OM33
+       ......... ......... ......... ......... ......... ......... ......... ......... ......... ......... ......... .........
         ......... ......... ......... ......... ......... .........
 
 OM34
+       ......... ......... ......... ......... ......... ......... ......... ......... ......... ......... ......... .........
         ......... ......... ......... ......... ......... ......... .........
 
1

            TH 1      TH 2      TH 3      TH 4      TH 5      TH 6      OM11      OM12      OM13      OM14      OM15      OM16
             OM22      OM23      OM24      OM25      OM26      OM33      OM34      OM35      OM36      OM44      OM45      OM46
            OM55      OM56      OM66      SG11
 
 OM35
+       ......... ......... ......... ......... ......... ......... ......... ......... ......... ......... ......... .........
         ......... ......... ......... ......... ......... ......... ......... .........
 
 OM36
+       ......... ......... ......... ......... ......... ......... ......... ......... ......... ......... ......... .........
         ......... ......... ......... ......... ......... ......... ......... ......... .........
 
 OM44
+       ......... ......... ......... ......... ......... ......... ......... ......... ......... ......... ......... .........
         ......... ......... ......... ......... ......... ......... ......... ......... ......... .........
 
 OM45
+       ......... ......... ......... ......... ......... ......... ......... ......... ......... ......... ......... .........
         ......... ......... ......... ......... ......... ......... ......... ......... ......... ......... .........
 
 OM46
+       ......... ......... ......... ......... ......... ......... ......... ......... ......... ......... ......... .........
         ......... ......... ......... ......... ......... ......... ......... ......... ......... ......... ......... .........
 
 OM55
+       ......... ......... ......... ......... ......... ......... ......... ......... ......... ......... ......... .........
         ......... ......... ......... ......... ......... ......... ......... ......... ......... ......... ......... .........
        .........
 
 OM56
+       ......... ......... ......... ......... ......... ......... ......... ......... ......... ......... ......... .........
         ......... ......... ......... ......... ......... ......... ......... ......... ......... ......... ......... .........
        ......... .........
 
 OM66
+       ......... ......... ......... ......... ......... ......... ......... ......... ......... ......... ......... .........
         ......... ......... ......... ......... ......... ......... ......... ......... ......... ......... ......... .........
        ......... ......... .........
 
 SG11
+       ......... -9.91E-03  5.30E-01 -6.70E-01  5.07E-01 -1.96E-01 ......... ......... ......... ......... ......... .........
         ......... ......... ......... ......... ......... ......... ......... ......... ......... ......... ......... .........
        ......... ......... .........  7.75E-03
 
1
 ************************************************************************************************************************
 ********************                                                                                ********************
 ********************                                   FIRST ORDER                                  ********************
 ********************                      INVERSE COVARIANCE MATRIX OF ESTIMATE                     ********************
 ********************                                                                                ********************
 ************************************************************************************************************************
 

            TH 1      TH 2      TH 3      TH 4      TH 5      TH 6      OM11      OM12      OM13      OM14      OM15      OM16
             OM22      OM23      OM24      OM25      OM26      OM33      OM34      OM35      OM36      OM44      OM45      OM46
            OM55      OM56      OM66      SG11
 
 TH 1
+       .........
 
 TH 2
+       .........  8.76E+04
 
 TH 3
+       ......... -1.17E+05  2.53E+05
 
 TH 4
+       .........  5.59E+04 -5.32E+04  5.36E+04
 
 TH 5
+       .........  1.68E+05 -2.07E+05  1.30E+05  4.29E+05
 
 TH 6
+       ......... -7.67E+05  1.07E+06 -4.82E+05 -1.45E+06  6.79E+06
 
 OM11
+       ......... ......... ......... ......... ......... ......... .........
 
 OM12
+       ......... ......... ......... ......... ......... ......... ......... .........
 
 OM13
+       ......... ......... ......... ......... ......... ......... ......... ......... .........
 
 OM14
+       ......... ......... ......... ......... ......... ......... ......... ......... ......... .........
 
 OM15
+       ......... ......... ......... ......... ......... ......... ......... ......... ......... ......... .........
 
 OM16
+       ......... ......... ......... ......... ......... ......... ......... ......... ......... ......... ......... .........
 
 OM22
+       ......... ......... ......... ......... ......... ......... ......... ......... ......... ......... ......... .........
         .........
 
 OM23
+       ......... ......... ......... ......... ......... ......... ......... ......... ......... ......... ......... .........
         ......... .........
 
 OM24
+       ......... ......... ......... ......... ......... ......... ......... ......... ......... ......... ......... .........
         ......... ......... .........
 
 OM25
+       ......... ......... ......... ......... ......... ......... ......... ......... ......... ......... ......... .........
         ......... ......... ......... .........
 
 OM26
+       ......... ......... ......... ......... ......... ......... ......... ......... ......... ......... ......... .........
         ......... ......... ......... ......... .........
 
 OM33
+       ......... ......... ......... ......... ......... ......... ......... ......... ......... ......... ......... .........
         ......... ......... ......... ......... ......... .........
 
 OM34
+       ......... ......... ......... ......... ......... ......... ......... ......... ......... ......... ......... .........
         ......... ......... ......... ......... ......... ......... .........
 
1

            TH 1      TH 2      TH 3      TH 4      TH 5      TH 6      OM11      OM12      OM13      OM14      OM15      OM16
             OM22      OM23      OM24      OM25      OM26      OM33      OM34      OM35      OM36      OM44      OM45      OM46
            OM55      OM56      OM66      SG11
 
 OM35
+       ......... ......... ......... ......... ......... ......... ......... ......... ......... ......... ......... .........
         ......... ......... ......... ......... ......... ......... ......... .........
 
 OM36
+       ......... ......... ......... ......... ......... ......... ......... ......... ......... ......... ......... .........
         ......... ......... ......... ......... ......... ......... ......... ......... .........
 
 OM44
+       ......... ......... ......... ......... ......... ......... ......... ......... ......... ......... ......... .........
         ......... ......... ......... ......... ......... ......... ......... ......... ......... .........
 
 OM45
+       ......... ......... ......... ......... ......... ......... ......... ......... ......... ......... ......... .........
         ......... ......... ......... ......... ......... ......... ......... ......... ......... ......... .........
 
 OM46
+       ......... ......... ......... ......... ......... ......... ......... ......... ......... ......... ......... .........
         ......... ......... ......... ......... ......... ......... ......... ......... ......... ......... ......... .........
 
 OM55
+       ......... ......... ......... ......... ......... ......... ......... ......... ......... ......... ......... .........
         ......... ......... ......... ......... ......... ......... ......... ......... ......... ......... ......... .........
        .........
 
 OM56
+       ......... ......... ......... ......... ......... ......... ......... ......... ......... ......... ......... .........
         ......... ......... ......... ......... ......... ......... ......... ......... ......... ......... ......... .........
        ......... .........
 
 OM66
+       ......... ......... ......... ......... ......... ......... ......... ......... ......... ......... ......... .........
         ......... ......... ......... ......... ......... ......... ......... ......... ......... ......... ......... .........
        ......... ......... .........
 
 SG11
+       ......... -2.00E+04  1.68E+04 -4.54E+03 -4.48E+04  1.68E+05 ......... ......... ......... ......... ......... .........
         ......... ......... ......... ......... ......... ......... ......... ......... ......... ......... ......... .........
        ......... ......... .........  3.61E+04
 
Stop Time:
Sat Feb 22 18:13:21 CST 2014
This file was created using /Users/zhangrichard/nm72/run/nmfe72
Started  Sat Feb 22 18:13:10 2014
Finished Sat Feb 22 18:13:21 2014
